<?xml version="1.0" encoding="UTF-8"?>
<!-- Generated by org.testng.reporters.JUnitXMLReporter -->
<testsuite ignored="0" hostname="Karthick" failures="1" tests="1" name="Test" time="12.384" errors="0" timestamp="2023-12-07T16:12:20 IST">
  <testcase classname="com.ecommerce.tests.ContactUsTest" name="userNavigatesToContactUsPage" time="0.656">
    <failure type="java.lang.RuntimeException" message="Error navigating to Contact Us page">
      <![CDATA[java.lang.RuntimeException: Error navigating to Contact Us page
at com.ecommerce.tests.ContactUsTest.userNavigatesToContactUsPage(ContactUsTest.java:22)
at java.base/java.util.ArrayList.forEach(ArrayList.java:1511)
Caused by: java.lang.NullPointerException: Cannot invoke "org.openqa.selenium.WebDriver.findElement(org.openqa.selenium.By)" because "this.driver" is null
at com.ecommerce.pages.ContactUsPage.navigateToContactUs(ContactUsPage.java:34)
at com.ecommerce.tests.ContactUsTest.userNavigatesToContactUsPage(ContactUsTest.java:18)
... 26 more
... Removed 25 stack frames]]>
    </failure>
  </testcase> <!-- userNavigatesToContactUsPage -->
</testsuite> <!-- Test -->
